2022-11-11 11:03:42,252 [INFO] django.utils.autoreload: Watching for file changes with StatReloader
2022-11-11 11:04:27,381 [WARNING] django.request: Not Found: /static/css/font-awesome.min.css
2022-11-11 11:04:27,382 [WARNING] django.request: Not Found: /static/css/slick.css
2022-11-11 11:04:27,384 [WARNING] django.request: Not Found: /static/css/slick-theme.css
2022-11-11 11:04:27,387 [WARNING] django.request: Not Found: /static/css/reset.css
2022-11-11 11:04:27,390 [WARNING] django.request: Not Found: /static/css/common.css
2022-11-11 11:04:27,393 [WARNING] django.request: Not Found: /static/css/layout.css
2022-11-11 11:04:27,395 [WARNING] django.request: Not Found: /static/js/jquery.min.js
2022-11-11 11:04:27,397 [WARNING] django.request: Not Found: /static/css/main.css
2022-11-11 11:04:27,398 [WARNING] django.request: Not Found: /static/js/jquery-migrate-1.2.1.min.js
2022-11-11 11:04:27,401 [WARNING] django.request: Not Found: /static/js/jquery-ui.min.js
2022-11-11 11:04:27,404 [WARNING] django.request: Not Found: /static/js/jquery.blockUI.js
2022-11-11 11:04:27,408 [WARNING] django.request: Not Found: /static/js/modernizr-3.7.1.min.js
2022-11-11 11:04:27,410 [WARNING] django.request: Not Found: /static/js/FileSaver.min.js
2022-11-11 11:04:27,412 [WARNING] django.request: Not Found: /static/js/commonUtils.js
2022-11-11 11:04:27,414 [WARNING] django.request: Not Found: /static/js/slick.js
2022-11-11 11:04:27,420 [WARNING] django.request: Not Found: /static/img/common/logo.png
2022-11-11 11:04:27,421 [WARNING] django.request: Not Found: /static/img/main/img_aive.jpg
2022-11-11 11:04:27,422 [WARNING] django.request: Not Found: /static/img/common/logo_footer.png
2022-11-11 11:04:27,430 [WARNING] django.request: Not Found: /static/img/common/favicon.ico
2022-11-11 11:04:30,881 [WARNING] django.request: Not Found: /static/css/font-awesome.min.css
2022-11-11 11:04:30,883 [WARNING] django.request: Not Found: /static/css/slick.css
2022-11-11 11:04:30,884 [WARNING] django.request: Not Found: /static/css/slick-theme.css
2022-11-11 11:04:30,886 [WARNING] django.request: Not Found: /static/css/layout.css
2022-11-11 11:04:30,889 [WARNING] django.request: Not Found: /static/css/reset.css
2022-11-11 11:04:30,891 [WARNING] django.request: Not Found: /static/css/common.css
2022-11-11 11:04:30,894 [WARNING] django.request: Not Found: /static/css/main.css
2022-11-11 11:04:30,897 [WARNING] django.request: Not Found: /static/js/jquery.min.js
2022-11-11 11:04:30,898 [WARNING] django.request: Not Found: /static/js/jquery-migrate-1.2.1.min.js
2022-11-11 11:04:30,899 [WARNING] django.request: Not Found: /static/js/jquery-ui.min.js
2022-11-11 11:04:30,901 [WARNING] django.request: Not Found: /static/js/jquery.blockUI.js
2022-11-11 11:04:30,903 [WARNING] django.request: Not Found: /static/js/modernizr-3.7.1.min.js
2022-11-11 11:04:30,905 [WARNING] django.request: Not Found: /static/js/FileSaver.min.js
2022-11-11 11:04:30,907 [WARNING] django.request: Not Found: /static/js/commonUtils.js
2022-11-11 11:04:30,910 [WARNING] django.request: Not Found: /static/js/slick.js
2022-11-11 11:04:30,916 [WARNING] django.request: Not Found: /static/img/common/logo.png
2022-11-11 11:04:30,917 [WARNING] django.request: Not Found: /static/img/common/logo_footer.png
2022-11-11 11:04:30,918 [WARNING] django.request: Not Found: /static/img/main/img_aive.jpg
2022-11-11 11:04:31,391 [WARNING] django.request: Not Found: /static/css/font-awesome.min.css
2022-11-11 11:04:31,392 [WARNING] django.request: Not Found: /static/css/slick.css
2022-11-11 11:04:31,394 [WARNING] django.request: Not Found: /static/css/slick-theme.css
2022-11-11 11:04:31,396 [WARNING] django.request: Not Found: /static/css/reset.css
2022-11-11 11:04:31,397 [WARNING] django.request: Not Found: /static/css/common.css
2022-11-11 11:04:31,400 [WARNING] django.request: Not Found: /static/css/layout.css
2022-11-11 11:04:31,404 [WARNING] django.request: Not Found: /static/css/main.css
2022-11-11 11:04:31,407 [WARNING] django.request: Not Found: /static/js/jquery-migrate-1.2.1.min.js
2022-11-11 11:04:31,409 [WARNING] django.request: Not Found: /static/js/jquery-ui.min.js
2022-11-11 11:04:31,410 [WARNING] django.request: Not Found: /static/js/jquery.min.js
2022-11-11 11:04:31,412 [WARNING] django.request: Not Found: /static/js/jquery.blockUI.js
2022-11-11 11:04:31,415 [WARNING] django.request: Not Found: /static/js/modernizr-3.7.1.min.js
2022-11-11 11:04:31,417 [WARNING] django.request: Not Found: /static/js/FileSaver.min.js
2022-11-11 11:04:31,421 [WARNING] django.request: Not Found: /static/js/slick.js
2022-11-11 11:04:31,422 [WARNING] django.request: Not Found: /static/js/commonUtils.js
2022-11-11 11:04:31,430 [WARNING] django.request: Not Found: /static/img/common/logo.png
2022-11-11 11:04:31,430 [WARNING] django.request: Not Found: /static/img/main/img_aive.jpg
2022-11-11 11:04:31,432 [WARNING] django.request: Not Found: /static/img/common/logo_footer.png
2022-11-11 11:04:31,584 [WARNING] django.request: Not Found: /static/css/font-awesome.min.css
2022-11-11 11:04:31,586 [WARNING] django.request: Not Found: /static/css/slick.css
2022-11-11 11:04:31,588 [WARNING] django.request: Not Found: /static/css/slick-theme.css
2022-11-11 11:04:31,589 [WARNING] django.request: Not Found: /static/css/reset.css
2022-11-11 11:04:31,591 [WARNING] django.request: Not Found: /static/css/common.css
2022-11-11 11:04:31,593 [WARNING] django.request: Not Found: /static/js/jquery-migrate-1.2.1.min.js
2022-11-11 11:04:31,597 [WARNING] django.request: Not Found: /static/css/main.css
2022-11-11 11:04:31,599 [WARNING] django.request: Not Found: /static/css/layout.css
2022-11-11 11:04:31,603 [WARNING] django.request: Not Found: /static/js/jquery.min.js
2022-11-11 11:04:31,606 [WARNING] django.request: Not Found: /static/js/jquery-ui.min.js
2022-11-11 11:04:31,608 [WARNING] django.request: Not Found: /static/js/jquery.blockUI.js
2022-11-11 11:04:31,611 [WARNING] django.request: Not Found: /static/js/modernizr-3.7.1.min.js
2022-11-11 11:04:31,614 [WARNING] django.request: Not Found: /static/js/FileSaver.min.js
2022-11-11 11:04:31,617 [WARNING] django.request: Not Found: /static/js/commonUtils.js
2022-11-11 11:04:31,620 [WARNING] django.request: Not Found: /static/js/slick.js
2022-11-11 11:04:31,626 [WARNING] django.request: Not Found: /static/img/common/logo.png
2022-11-11 11:04:31,627 [WARNING] django.request: Not Found: /static/img/main/img_aive.jpg
2022-11-11 11:04:31,628 [WARNING] django.request: Not Found: /static/img/common/logo_footer.png
2022-11-11 11:04:31,755 [WARNING] django.request: Not Found: /static/css/font-awesome.min.css
2022-11-11 11:04:31,757 [WARNING] django.request: Not Found: /static/css/slick.css
2022-11-11 11:04:31,758 [WARNING] django.request: Not Found: /static/css/slick-theme.css
2022-11-11 11:04:31,759 [WARNING] django.request: Not Found: /static/css/reset.css
2022-11-11 11:04:31,760 [WARNING] django.request: Not Found: /static/css/layout.css
2022-11-11 11:04:31,761 [WARNING] django.request: Not Found: /static/css/common.css
2022-11-11 11:04:31,764 [WARNING] django.request: Not Found: /static/js/jquery.min.js
2022-11-11 11:04:31,765 [WARNING] django.request: Not Found: /static/css/main.css
2022-11-11 11:04:31,768 [WARNING] django.request: Not Found: /static/js/jquery-migrate-1.2.1.min.js
2022-11-11 11:04:31,770 [WARNING] django.request: Not Found: /static/js/jquery-ui.min.js
2022-11-11 11:04:31,771 [WARNING] django.request: Not Found: /static/js/jquery.blockUI.js
2022-11-11 11:04:31,774 [WARNING] django.request: Not Found: /static/js/modernizr-3.7.1.min.js
2022-11-11 11:04:31,775 [WARNING] django.request: Not Found: /static/js/FileSaver.min.js
2022-11-11 11:04:31,777 [WARNING] django.request: Not Found: /static/js/commonUtils.js
2022-11-11 11:04:31,781 [WARNING] django.request: Not Found: /static/js/slick.js
2022-11-11 11:04:31,786 [WARNING] django.request: Not Found: /static/img/common/logo.png
2022-11-11 11:04:31,788 [WARNING] django.request: Not Found: /static/img/common/logo_footer.png
2022-11-11 11:04:31,789 [WARNING] django.request: Not Found: /static/img/main/img_aive.jpg
2022-11-11 11:04:31,968 [WARNING] django.request: Not Found: /static/css/font-awesome.min.css
2022-11-11 11:04:31,969 [WARNING] django.request: Not Found: /static/css/slick-theme.css
2022-11-11 11:04:31,971 [WARNING] django.request: Not Found: /static/css/slick.css
2022-11-11 11:04:31,973 [WARNING] django.request: Not Found: /static/css/reset.css
2022-11-11 11:04:31,974 [WARNING] django.request: Not Found: /static/css/common.css
2022-11-11 11:04:31,976 [WARNING] django.request: Not Found: /static/js/jquery-migrate-1.2.1.min.js
2022-11-11 11:04:31,980 [WARNING] django.request: Not Found: /static/css/layout.css
2022-11-11 11:04:31,983 [WARNING] django.request: Not Found: /static/css/main.css
2022-11-11 11:04:31,988 [WARNING] django.request: Not Found: /static/js/jquery.min.js
2022-11-11 11:04:31,991 [WARNING] django.request: Not Found: /static/js/jquery-ui.min.js
2022-11-11 11:04:31,993 [WARNING] django.request: Not Found: /static/js/jquery.blockUI.js
2022-11-11 11:04:31,996 [WARNING] django.request: Not Found: /static/js/modernizr-3.7.1.min.js
2022-11-11 11:04:31,998 [WARNING] django.request: Not Found: /static/js/FileSaver.min.js
2022-11-11 11:04:32,003 [WARNING] django.request: Not Found: /static/js/commonUtils.js
2022-11-11 11:04:32,005 [WARNING] django.request: Not Found: /static/js/slick.js
2022-11-11 11:04:32,011 [WARNING] django.request: Not Found: /static/img/common/logo.png
2022-11-11 11:04:32,012 [WARNING] django.request: Not Found: /static/img/main/img_aive.jpg
2022-11-11 11:04:32,013 [WARNING] django.request: Not Found: /static/img/common/logo_footer.png
2022-11-11 11:04:32,165 [WARNING] django.request: Not Found: /static/css/slick.css
2022-11-11 11:04:32,166 [WARNING] django.request: Not Found: /static/css/font-awesome.min.css
2022-11-11 11:04:32,169 [WARNING] django.request: Not Found: /static/css/main.css
2022-11-11 11:04:32,170 [WARNING] django.request: Not Found: /static/js/jquery.blockUI.js
2022-11-11 11:04:32,172 [WARNING] django.request: Not Found: /static/css/slick-theme.css
2022-11-11 11:04:32,175 [WARNING] django.request: Not Found: /static/css/reset.css
2022-11-11 11:04:32,178 [WARNING] django.request: Not Found: /static/css/common.css
2022-11-11 11:04:32,182 [WARNING] django.request: Not Found: /static/css/layout.css
2022-11-11 11:04:32,184 [WARNING] django.request: Not Found: /static/js/jquery.min.js
2022-11-11 11:04:32,185 [WARNING] django.request: Not Found: /static/js/jquery-migrate-1.2.1.min.js
2022-11-11 11:04:32,189 [WARNING] django.request: Not Found: /static/js/modernizr-3.7.1.min.js
2022-11-11 11:04:32,190 [WARNING] django.request: Not Found: /static/js/jquery-ui.min.js
2022-11-11 11:04:32,194 [WARNING] django.request: Not Found: /static/js/FileSaver.min.js
2022-11-11 11:04:32,195 [WARNING] django.request: Not Found: /static/js/commonUtils.js
2022-11-11 11:04:32,198 [WARNING] django.request: Not Found: /static/js/slick.js
2022-11-11 11:04:32,203 [WARNING] django.request: Not Found: /static/img/common/logo.png
2022-11-11 11:04:32,204 [WARNING] django.request: Not Found: /static/img/main/img_aive.jpg
2022-11-11 11:04:32,206 [WARNING] django.request: Not Found: /static/img/common/logo_footer.png
2022-11-11 11:04:32,367 [WARNING] django.request: Not Found: /static/css/font-awesome.min.css
2022-11-11 11:04:32,369 [WARNING] django.request: Not Found: /static/css/slick-theme.css
2022-11-11 11:04:32,371 [WARNING] django.request: Not Found: /static/css/slick.css
2022-11-11 11:04:32,373 [WARNING] django.request: Not Found: /static/css/common.css
2022-11-11 11:04:32,374 [WARNING] django.request: Not Found: /static/css/reset.css
2022-11-11 11:04:32,376 [WARNING] django.request: Not Found: /static/css/layout.css
2022-11-11 11:04:32,380 [WARNING] django.request: Not Found: /static/css/main.css
2022-11-11 11:04:32,384 [WARNING] django.request: Not Found: /static/js/jquery.min.js
2022-11-11 11:04:32,389 [WARNING] django.request: Not Found: /static/js/jquery-migrate-1.2.1.min.js
2022-11-11 11:04:32,391 [WARNING] django.request: Not Found: /static/js/jquery-ui.min.js
2022-11-11 11:04:32,393 [WARNING] django.request: Not Found: /static/js/jquery.blockUI.js
2022-11-11 11:04:32,395 [WARNING] django.request: Not Found: /static/js/modernizr-3.7.1.min.js
2022-11-11 11:04:32,398 [WARNING] django.request: Not Found: /static/js/FileSaver.min.js
2022-11-11 11:04:32,400 [WARNING] django.request: Not Found: /static/js/commonUtils.js
2022-11-11 11:04:32,402 [WARNING] django.request: Not Found: /static/js/slick.js
2022-11-11 11:04:32,407 [WARNING] django.request: Not Found: /static/img/main/img_aive.jpg
2022-11-11 11:04:32,408 [WARNING] django.request: Not Found: /static/img/common/logo_footer.png
2022-11-11 11:04:32,410 [WARNING] django.request: Not Found: /static/img/common/logo.png
2022-11-11 11:04:32,572 [WARNING] django.request: Not Found: /static/css/font-awesome.min.css
2022-11-11 11:04:32,575 [WARNING] django.request: Not Found: /static/css/slick-theme.css
2022-11-11 11:04:32,576 [WARNING] django.request: Not Found: /static/css/slick.css
2022-11-11 11:04:32,578 [WARNING] django.request: Not Found: /static/css/reset.css
2022-11-11 11:04:32,580 [WARNING] django.request: Not Found: /static/css/main.css
2022-11-11 11:04:32,581 [WARNING] django.request: Not Found: /static/css/common.css
2022-11-11 11:04:32,585 [WARNING] django.request: Not Found: /static/css/layout.css
2022-11-11 11:04:32,588 [WARNING] django.request: Not Found: /static/js/jquery.min.js
2022-11-11 11:04:32,592 [WARNING] django.request: Not Found: /static/js/jquery-migrate-1.2.1.min.js
2022-11-11 11:04:32,595 [WARNING] django.request: Not Found: /static/js/jquery-ui.min.js
2022-11-11 11:04:32,598 [WARNING] django.request: Not Found: /static/js/jquery.blockUI.js
2022-11-11 11:04:32,601 [WARNING] django.request: Not Found: /static/js/modernizr-3.7.1.min.js
2022-11-11 11:04:32,605 [WARNING] django.request: Not Found: /static/js/FileSaver.min.js
2022-11-11 11:04:32,607 [WARNING] django.request: Not Found: /static/js/commonUtils.js
2022-11-11 11:04:32,608 [WARNING] django.request: Not Found: /static/js/slick.js
2022-11-11 11:04:32,614 [WARNING] django.request: Not Found: /static/img/common/logo.png
2022-11-11 11:04:32,616 [WARNING] django.request: Not Found: /static/img/main/img_aive.jpg
2022-11-11 11:04:32,616 [WARNING] django.request: Not Found: /static/img/common/logo_footer.png
2022-11-11 11:04:32,746 [WARNING] django.request: Not Found: /static/css/font-awesome.min.css
2022-11-11 11:04:32,748 [WARNING] django.request: Not Found: /static/css/slick-theme.css
2022-11-11 11:04:32,749 [WARNING] django.request: Not Found: /static/css/slick.css
2022-11-11 11:04:32,751 [WARNING] django.request: Not Found: /static/css/reset.css
2022-11-11 11:04:32,753 [WARNING] django.request: Not Found: /static/css/layout.css
2022-11-11 11:04:32,755 [WARNING] django.request: Not Found: /static/css/common.css
2022-11-11 11:04:32,759 [WARNING] django.request: Not Found: /static/css/main.css
2022-11-11 11:04:32,762 [WARNING] django.request: Not Found: /static/js/jquery-ui.min.js
2022-11-11 11:04:32,763 [WARNING] django.request: Not Found: /static/js/jquery.min.js
2022-11-11 11:04:32,765 [WARNING] django.request: Not Found: /static/js/jquery-migrate-1.2.1.min.js
2022-11-11 11:04:32,767 [WARNING] django.request: Not Found: /static/js/jquery.blockUI.js
2022-11-11 11:04:32,769 [WARNING] django.request: Not Found: /static/js/modernizr-3.7.1.min.js
2022-11-11 11:04:32,773 [WARNING] django.request: Not Found: /static/js/commonUtils.js
2022-11-11 11:04:32,776 [WARNING] django.request: Not Found: /static/js/FileSaver.min.js
2022-11-11 11:04:32,779 [WARNING] django.request: Not Found: /static/js/slick.js
2022-11-11 11:04:32,786 [WARNING] django.request: Not Found: /static/img/main/img_aive.jpg
2022-11-11 11:04:32,787 [WARNING] django.request: Not Found: /static/img/common/logo_footer.png
2022-11-11 11:04:32,789 [WARNING] django.request: Not Found: /static/img/common/logo.png
2022-11-11 11:04:36,317 [WARNING] django.request: Not Found: /static/css/font-awesome.min.css
2022-11-11 11:04:36,319 [WARNING] django.request: Not Found: /static/css/slick.css
2022-11-11 11:04:36,321 [WARNING] django.request: Not Found: /static/css/slick-theme.css
2022-11-11 11:04:36,323 [WARNING] django.request: Not Found: /static/css/reset.css
2022-11-11 11:04:36,324 [WARNING] django.request: Not Found: /static/css/common.css
2022-11-11 11:04:36,327 [WARNING] django.request: Not Found: /static/css/layout.css
2022-11-11 11:04:36,331 [WARNING] django.request: Not Found: /static/css/main.css
2022-11-11 11:04:36,334 [WARNING] django.request: Not Found: /static/js/jquery.min.js
2022-11-11 11:04:36,338 [WARNING] django.request: Not Found: /static/js/jquery-migrate-1.2.1.min.js
2022-11-11 11:04:36,343 [WARNING] django.request: Not Found: /static/js/jquery-ui.min.js
2022-11-11 11:04:36,347 [WARNING] django.request: Not Found: /static/js/jquery.blockUI.js
2022-11-11 11:04:36,349 [WARNING] django.request: Not Found: /static/js/modernizr-3.7.1.min.js
2022-11-11 11:04:36,353 [WARNING] django.request: Not Found: /static/js/FileSaver.min.js
2022-11-11 11:04:36,355 [WARNING] django.request: Not Found: /static/js/commonUtils.js
2022-11-11 11:04:36,359 [WARNING] django.request: Not Found: /static/js/slick.js
2022-11-11 11:04:36,363 [WARNING] django.request: Not Found: /static/img/main/img_aive.jpg
2022-11-11 11:04:36,364 [WARNING] django.request: Not Found: /static/img/common/logo_footer.png
2022-11-11 11:04:36,366 [WARNING] django.request: Not Found: /static/img/common/logo.png
2022-11-11 11:04:36,372 [WARNING] django.request: Not Found: /static/img/common/favicon.ico
2022-11-11 11:05:09,248 [INFO] django.utils.autoreload: Watching for file changes with StatReloader
2022-11-11 11:05:12,863 [WARNING] django.request: Not Found: /static/css/slick-theme.css
2022-11-11 11:05:12,863 [WARNING] django.request: Not Found: /static/css/reset.css
2022-11-11 11:05:12,865 [WARNING] django.request: Not Found: /static/css/common.css
2022-11-11 11:05:12,868 [WARNING] django.request: Not Found: /static/css/layout.css
2022-11-11 11:05:12,871 [WARNING] django.request: Not Found: /static/css/font-awesome.min.css
2022-11-11 11:05:12,873 [WARNING] django.request: Not Found: /static/css/main.css
2022-11-11 11:05:12,876 [WARNING] django.request: Not Found: /static/css/slick.css
2022-11-11 11:05:12,879 [WARNING] django.request: Not Found: /static/js/jquery.min.js
2022-11-11 11:05:12,881 [WARNING] django.request: Not Found: /static/js/jquery-migrate-1.2.1.min.js
2022-11-11 11:05:12,883 [WARNING] django.request: Not Found: /static/js/jquery-ui.min.js
2022-11-11 11:05:12,885 [WARNING] django.request: Not Found: /static/js/jquery.blockUI.js
2022-11-11 11:05:12,888 [WARNING] django.request: Not Found: /static/js/modernizr-3.7.1.min.js
2022-11-11 11:05:12,891 [WARNING] django.request: Not Found: /static/js/FileSaver.min.js
2022-11-11 11:05:12,893 [WARNING] django.request: Not Found: /static/js/commonUtils.js
2022-11-11 11:05:12,896 [WARNING] django.request: Not Found: /static/js/slick.js
2022-11-11 11:05:12,901 [WARNING] django.request: Not Found: /static/img/common/logo.png
2022-11-11 11:05:12,902 [WARNING] django.request: Not Found: /static/img/main/img_aive.jpg
2022-11-11 11:05:12,903 [WARNING] django.request: Not Found: /static/img/common/logo_footer.png
2022-11-11 11:05:13,537 [WARNING] django.request: Not Found: /static/css/font-awesome.min.css
2022-11-11 11:05:13,539 [WARNING] django.request: Not Found: /static/css/slick.css
2022-11-11 11:05:13,540 [WARNING] django.request: Not Found: /static/css/reset.css
2022-11-11 11:05:13,542 [WARNING] django.request: Not Found: /static/css/slick-theme.css
2022-11-11 11:05:13,544 [WARNING] django.request: Not Found: /static/css/common.css
2022-11-11 11:05:13,545 [WARNING] django.request: Not Found: /static/css/layout.css
2022-11-11 11:05:13,549 [WARNING] django.request: Not Found: /static/css/main.css
2022-11-11 11:05:13,551 [WARNING] django.request: Not Found: /static/js/jquery.min.js
2022-11-11 11:05:13,555 [WARNING] django.request: Not Found: /static/js/jquery-migrate-1.2.1.min.js
2022-11-11 11:05:13,558 [WARNING] django.request: Not Found: /static/js/jquery-ui.min.js
2022-11-11 11:05:13,560 [WARNING] django.request: Not Found: /static/js/jquery.blockUI.js
2022-11-11 11:05:13,562 [WARNING] django.request: Not Found: /static/js/modernizr-3.7.1.min.js
2022-11-11 11:05:13,565 [WARNING] django.request: Not Found: /static/js/FileSaver.min.js
2022-11-11 11:05:13,568 [WARNING] django.request: Not Found: /static/js/commonUtils.js
2022-11-11 11:05:13,571 [WARNING] django.request: Not Found: /static/js/slick.js
2022-11-11 11:05:13,577 [WARNING] django.request: Not Found: /static/img/common/logo.png
2022-11-11 11:05:13,578 [WARNING] django.request: Not Found: /static/img/common/logo_footer.png
2022-11-11 11:05:13,579 [WARNING] django.request: Not Found: /static/img/main/img_aive.jpg
2022-11-11 11:05:13,702 [WARNING] django.request: Not Found: /static/css/font-awesome.min.css
2022-11-11 11:05:13,704 [WARNING] django.request: Not Found: /static/css/slick.css
2022-11-11 11:05:13,705 [WARNING] django.request: Not Found: /static/css/slick-theme.css
2022-11-11 11:05:13,707 [WARNING] django.request: Not Found: /static/css/layout.css
2022-11-11 11:05:13,709 [WARNING] django.request: Not Found: /static/css/reset.css
2022-11-11 11:05:13,710 [WARNING] django.request: Not Found: /static/css/common.css
2022-11-11 11:05:13,715 [WARNING] django.request: Not Found: /static/css/main.css
2022-11-11 11:05:13,717 [WARNING] django.request: Not Found: /static/js/jquery.min.js
2022-11-11 11:05:13,721 [WARNING] django.request: Not Found: /static/js/jquery-migrate-1.2.1.min.js
2022-11-11 11:05:13,725 [WARNING] django.request: Not Found: /static/js/jquery-ui.min.js
2022-11-11 11:05:13,729 [WARNING] django.request: Not Found: /static/js/jquery.blockUI.js
2022-11-11 11:05:13,731 [WARNING] django.request: Not Found: /static/js/modernizr-3.7.1.min.js
2022-11-11 11:05:13,733 [WARNING] django.request: Not Found: /static/js/FileSaver.min.js
2022-11-11 11:05:13,736 [WARNING] django.request: Not Found: /static/js/commonUtils.js
2022-11-11 11:05:13,739 [WARNING] django.request: Not Found: /static/js/slick.js
2022-11-11 11:05:13,744 [WARNING] django.request: Not Found: /static/img/common/logo.png
2022-11-11 11:05:13,745 [WARNING] django.request: Not Found: /static/img/main/img_aive.jpg
2022-11-11 11:05:13,746 [WARNING] django.request: Not Found: /static/img/common/logo_footer.png
2022-11-11 11:05:28,695 [INFO] django.utils.autoreload: Watching for file changes with StatReloader
2022-11-11 11:05:30,984 [WARNING] django.request: Not Found: /static/css/font-awesome.min.css
2022-11-11 11:05:30,985 [WARNING] django.request: Not Found: /static/css/slick-theme.css
2022-11-11 11:05:30,986 [WARNING] django.request: Not Found: /static/css/slick.css
2022-11-11 11:05:30,987 [WARNING] django.request: Not Found: /static/css/common.css
2022-11-11 11:05:30,988 [WARNING] django.request: Not Found: /static/css/reset.css
2022-11-11 11:05:30,990 [WARNING] django.request: Not Found: /static/css/layout.css
2022-11-11 11:05:30,991 [WARNING] django.request: Not Found: /static/css/main.css
2022-11-11 11:05:30,992 [WARNING] django.request: Not Found: /static/js/jquery.min.js
2022-11-11 11:05:30,994 [WARNING] django.request: Not Found: /static/js/jquery-migrate-1.2.1.min.js
2022-11-11 11:05:30,995 [WARNING] django.request: Not Found: /static/js/jquery-ui.min.js
2022-11-11 11:05:30,996 [WARNING] django.request: Not Found: /static/js/jquery.blockUI.js
2022-11-11 11:05:30,997 [WARNING] django.request: Not Found: /static/js/modernizr-3.7.1.min.js
2022-11-11 11:05:30,998 [WARNING] django.request: Not Found: /static/js/FileSaver.min.js
2022-11-11 11:05:30,999 [WARNING] django.request: Not Found: /static/js/commonUtils.js
2022-11-11 11:05:31,000 [WARNING] django.request: Not Found: /static/js/slick.js
2022-11-11 11:05:31,005 [WARNING] django.request: Not Found: /static/img/common/logo.png
2022-11-11 11:05:31,006 [WARNING] django.request: Not Found: /static/img/main/img_aive.jpg
2022-11-11 11:05:31,007 [WARNING] django.request: Not Found: /static/img/common/logo_footer.png
2022-11-11 11:05:32,001 [WARNING] django.request: Not Found: /static/css/font-awesome.min.css
2022-11-11 11:05:32,002 [WARNING] django.request: Not Found: /static/css/slick.css
2022-11-11 11:05:32,003 [WARNING] django.request: Not Found: /static/css/slick-theme.css
2022-11-11 11:05:32,004 [WARNING] django.request: Not Found: /static/css/reset.css
2022-11-11 11:05:32,005 [WARNING] django.request: Not Found: /static/css/common.css
2022-11-11 11:05:32,005 [WARNING] django.request: Not Found: /static/css/layout.css
2022-11-11 11:05:32,008 [WARNING] django.request: Not Found: /static/css/main.css
2022-11-11 11:05:32,009 [WARNING] django.request: Not Found: /static/js/jquery.min.js
2022-11-11 11:05:32,013 [WARNING] django.request: Not Found: /static/js/jquery-migrate-1.2.1.min.js
2022-11-11 11:05:32,014 [WARNING] django.request: Not Found: /static/js/jquery.blockUI.js
2022-11-11 11:05:32,015 [WARNING] django.request: Not Found: /static/js/jquery-ui.min.js
2022-11-11 11:05:32,016 [WARNING] django.request: Not Found: /static/js/FileSaver.min.js
2022-11-11 11:05:32,017 [WARNING] django.request: Not Found: /static/js/modernizr-3.7.1.min.js
2022-11-11 11:05:32,021 [WARNING] django.request: Not Found: /static/js/commonUtils.js
2022-11-11 11:05:32,023 [WARNING] django.request: Not Found: /static/js/slick.js
2022-11-11 11:05:32,027 [WARNING] django.request: Not Found: /static/img/common/logo.png
2022-11-11 11:05:32,028 [WARNING] django.request: Not Found: /static/img/main/img_aive.jpg
2022-11-11 11:05:32,029 [WARNING] django.request: Not Found: /static/img/common/logo_footer.png
2022-11-11 11:05:32,035 [WARNING] django.request: Not Found: /static/img/common/favicon.ico
2022-11-11 11:06:44,967 [INFO] django.utils.autoreload: Watching for file changes with StatReloader
2022-11-11 11:06:48,494 [WARNING] django.request: Not Found: /static/img/main/dot.jpg
2022-11-11 11:07:24,887 [WARNING] django.request: Not Found: /static/css/font-awesome.min.css
2022-11-11 11:07:24,888 [WARNING] django.request: Not Found: /static/css/slick.css
2022-11-11 11:07:24,892 [WARNING] django.request: Not Found: /static/css/slick-theme.css
2022-11-11 11:07:24,896 [WARNING] django.request: Not Found: /static/css/reset.css
2022-11-11 11:07:24,898 [WARNING] django.request: Not Found: /static/css/main.css
2022-11-11 11:07:24,901 [WARNING] django.request: Not Found: /static/css/common.css
2022-11-11 11:07:24,904 [WARNING] django.request: Not Found: /static/js/jquery-migrate-1.2.1.min.js
2022-11-11 11:07:24,906 [WARNING] django.request: Not Found: /static/css/layout.css
2022-11-11 11:07:24,907 [WARNING] django.request: Not Found: /static/js/jquery-ui.min.js
2022-11-11 11:07:24,910 [WARNING] django.request: Not Found: /static/js/jquery.blockUI.js
2022-11-11 11:07:24,912 [WARNING] django.request: Not Found: /static/js/jquery.min.js
2022-11-11 11:07:24,915 [WARNING] django.request: Not Found: /static/js/modernizr-3.7.1.min.js
2022-11-11 11:07:24,917 [WARNING] django.request: Not Found: /static/js/FileSaver.min.js
2022-11-11 11:07:24,919 [WARNING] django.request: Not Found: /static/js/commonUtils.js
2022-11-11 11:07:24,921 [WARNING] django.request: Not Found: /static/js/slick.js
2022-11-11 11:07:24,929 [WARNING] django.request: Not Found: /static/img/common/logo.png
2022-11-11 11:07:24,931 [WARNING] django.request: Not Found: /static/img/main/img_aive.jpg
2022-11-11 11:07:24,931 [WARNING] django.request: Not Found: /static/img/common/logo_footer.png
2022-11-11 11:07:24,938 [WARNING] django.request: Not Found: /static/img/common/favicon.ico
2022-11-11 11:07:27,637 [WARNING] django.request: Not Found: /static/css/font-awesome.min.css
2022-11-11 11:07:27,639 [WARNING] django.request: Not Found: /static/css/slick.css
2022-11-11 11:07:27,640 [WARNING] django.request: Not Found: /static/css/slick-theme.css
2022-11-11 11:07:27,641 [WARNING] django.request: Not Found: /static/css/reset.css
2022-11-11 11:07:27,643 [WARNING] django.request: Not Found: /static/css/common.css
2022-11-11 11:07:27,646 [WARNING] django.request: Not Found: /static/css/layout.css
2022-11-11 11:07:27,649 [WARNING] django.request: Not Found: /static/css/main.css
2022-11-11 11:07:27,652 [WARNING] django.request: Not Found: /static/js/jquery.blockUI.js
2022-11-11 11:07:27,653 [WARNING] django.request: Not Found: /static/js/jquery.min.js
2022-11-11 11:07:27,655 [WARNING] django.request: Not Found: /static/js/jquery-migrate-1.2.1.min.js
2022-11-11 11:07:27,658 [WARNING] django.request: Not Found: /static/js/modernizr-3.7.1.min.js
2022-11-11 11:07:27,659 [WARNING] django.request: Not Found: /static/js/jquery-ui.min.js
2022-11-11 11:07:27,661 [WARNING] django.request: Not Found: /static/js/FileSaver.min.js
2022-11-11 11:07:27,663 [WARNING] django.request: Not Found: /static/js/commonUtils.js
2022-11-11 11:07:27,665 [WARNING] django.request: Not Found: /static/js/slick.js
2022-11-11 11:07:27,671 [WARNING] django.request: Not Found: /static/img/common/logo.png
2022-11-11 11:07:27,672 [WARNING] django.request: Not Found: /static/img/common/logo_footer.png
2022-11-11 11:07:32,658 [WARNING] django.request: Not Found: /static/css/font-awesome.min.css
2022-11-11 11:07:32,659 [WARNING] django.request: Not Found: /static/css/slick.css
2022-11-11 11:07:32,660 [WARNING] django.request: Not Found: /static/css/common.css
2022-11-11 11:07:32,661 [WARNING] django.request: Not Found: /static/css/slick-theme.css
2022-11-11 11:07:32,663 [WARNING] django.request: Not Found: /static/css/reset.css
2022-11-11 11:07:32,664 [WARNING] django.request: Not Found: /static/css/layout.css
2022-11-11 11:07:32,667 [WARNING] django.request: Not Found: /static/css/main.css
2022-11-11 11:15:08,342 [INFO] django.utils.autoreload: E:\python_work\AIVE\prj_aive\urls.py changed, reloading.
2022-11-11 11:15:09,935 [INFO] django.utils.autoreload: Watching for file changes with StatReloader
2022-11-11 11:15:25,578 [INFO] django.utils.autoreload: E:\python_work\AIVE\prj_aive\urls.py changed, reloading.
2022-11-11 11:15:27,186 [INFO] django.utils.autoreload: Watching for file changes with StatReloader
2022-11-11 11:15:53,404 [INFO] django.utils.autoreload: E:\python_work\AIVE\prj_aive\urls.py changed, reloading.
2022-11-11 11:15:54,892 [INFO] django.utils.autoreload: Watching for file changes with StatReloader
2022-11-11 11:16:06,418 [INFO] django.utils.autoreload: E:\python_work\AIVE\prj_aive\urls.py changed, reloading.
2022-11-11 11:16:08,022 [INFO] django.utils.autoreload: Watching for file changes with StatReloader
2022-11-11 11:23:53,466 [INFO] django.utils.autoreload: E:\python_work\AIVE\prj_aive\urls.py changed, reloading.
2022-11-11 11:23:55,053 [INFO] django.utils.autoreload: Watching for file changes with StatReloader
2022-11-11 11:23:58,080 [INFO] django.utils.autoreload: E:\python_work\AIVE\prj_aive\urls.py changed, reloading.
2022-11-11 11:23:59,535 [INFO] django.utils.autoreload: Watching for file changes with StatReloader
2022-11-11 11:24:32,009 [INFO] django.utils.autoreload: E:\python_work\AIVE\prj_aive\settings.py changed, reloading.
2022-11-28 19:30:19,307 [INFO] django.utils.autoreload: Watching for file changes with StatReloader
2022-11-28 19:34:49,117 [INFO] django.utils.autoreload: Watching for file changes with StatReloader
